<?xml version="1.0" encoding="UTF-8"?>
<!-- Generated by org.testng.reporters.JUnitXMLReporter -->
<testsuite hostname="CS-KOL-1161" failures="0" tests="4" name="Test" time="1.774" errors="0" timestamp="10 Aug 2021 15:34:53 GMT">
  <testcase classname="testcases.Homepagetestcase" name="@BeforeClass login" time="0.0">
    <failure type="java.lang.NullPointerException" message="Cannot invoke &amp;quot;org.openqa.selenium.WebDriver.findElement(org.openqa.selenium.By)&amp;quot; because &amp;quot;driver&amp;quot; is null">
      <![CDATA[java.lang.NullPointerException: Cannot invoke "org.openqa.selenium.WebDriver.findElement(org.openqa.selenium.By)" because "driver" is null
	at Netforest.Login.loginToApplication(Login.java:27)
	at testcases.Homepagetestcase.login(Homepagetestcase.java:25)
... Removed 24 stack frames]]>
    </failure>
  </testcase> <!-- @BeforeClass login -->
  <testcase classname="testcases.Admintestcases" name="@BeforeMethod login" time="0.0">
    <failure type="java.lang.NullPointerException" message="Cannot invoke &amp;quot;org.openqa.selenium.WebDriver.findElement(org.openqa.selenium.By)&amp;quot; because &amp;quot;driver&amp;quot; is null">
      <![CDATA[java.lang.NullPointerException: Cannot invoke "org.openqa.selenium.WebDriver.findElement(org.openqa.selenium.By)" because "driver" is null
	at Netforest.Login.loginToApplication(Login.java:27)
	at testcases.Admintestcases.login(Admintestcases.java:36)
... Removed 26 stack frames]]>
    </failure>
  </testcase> <!-- @BeforeMethod login -->
  <testcase classname="testcases.Logintestcase" name="logincheck" time="1.717"/>
  <testcase classname="testcases.Homepagetestcase" name="timepicker" time="0.004">
    <skipped/>
  </testcase> <!-- timepicker -->
  <testcase classname="testcases.Homepagetestcase" name="logout" time="0.004">
    <skipped/>
  </testcase> <!-- logout -->
  <testcase classname="testcases.Admintestcases" name="adduser" time="0.001">
    <skipped/>
  </testcase> <!-- adduser -->
</testsuite> <!-- Test -->
