<?xml version="1.0" encoding="UTF-8"?>
<testng-results total="2" passed="1" failed="0" skipped="1">
  <reporter-output>
    <line>
      <![CDATA[=====Browser Session Started=====]]>
    </line>
    <line>
      <![CDATA[=====Application Started=====]]>
    </line>
  </reporter-output>
  <suite started-at="2021-08-10T21:11:14Z" name="Default suite" finished-at="2021-08-10T21:18:03Z" duration-ms="408737">
    <groups>
    </groups>
    <test started-at="2021-08-10T21:11:14Z" name="Default test" finished-at="2021-08-10T21:18:03Z" duration-ms="408737">
      <class name="testcases.Homepagetestcase">
        <test-method is-config="true" signature="setupapplication()[pri:0, instance:testcases.Homepagetestcase@797b0699]" started-at="2021-08-10T21:11:08Z" name="setupapplication" finished-at="2021-08-10T21:11:14Z" duration-ms="6137" status="PASS">
        </test-method> <!-- setupapplication -->
        <test-method is-config="true" signature="login()[pri:0, instance:testcases.Homepagetestcase@797b0699]" started-at="2021-08-10T21:11:14Z" name="login" description="this will login into application" finished-at="2021-08-10T21:11:15Z" duration-ms="1105" status="PASS">
        </test-method> <!-- login -->
        <test-method signature="timepicker()[pri:3, instance:testcases.Homepagetestcase@797b0699]" started-at="2021-08-10T21:11:15Z" name="timepicker" description="check timepicker" finished-at="2021-08-10T21:11:21Z" duration-ms="6188" status="PASS">
        </test-method> <!-- timepicker -->
        <test-method is-config="true" signature="login()[pri:0, instance:testcases.Homepagetestcase@797b0699]" started-at="2021-08-10T21:11:21Z" name="login" description="this will login into application" finished-at="2021-08-10T21:11:21Z" duration-ms="0" status="FAIL">
          <exception class="org.openqa.selenium.NoSuchElementException">
            <message>
              <![CDATA[Cannot locate an element using id=loginId
For documentation on this error, please visit: https://www.seleniumhq.org/exceptions/no_such_element.html
Build info: version: '3.141.59', revision: 'e82be7d358', time: '2018-11-14T08:25:48'
System info: host: 'CS-KOL-1161', ip: '192.168.10.9', os.name: 'Windows 10', os.arch: 'amd64', os.version: '10.0', java.version: '16.0.1'
Driver info: driver.version: RemoteWebDriver]]>
            </message>
            <full-stacktrace>
              <![CDATA[org.openqa.selenium.NoSuchElementException: Cannot locate an element using id=loginId
For documentation on this error, please visit: https://www.seleniumhq.org/exceptions/no_such_element.html
Build info: version: '3.141.59', revision: 'e82be7d358', time: '2018-11-14T08:25:48'
System info: host: 'CS-KOL-1161', ip: '192.168.10.9', os.name: 'Windows 10', os.arch: 'amd64', os.version: '10.0', java.version: '16.0.1'
Driver info: driver.version: RemoteWebDriver
	at org.openqa.selenium.remote.RemoteWebDriver.findElement(RemoteWebDriver.java:327)
	at org.openqa.selenium.remote.RemoteWebDriver.findElementById(RemoteWebDriver.java:372)
	at org.openqa.selenium.By$ById.findElement(By.java:188)
	at org.openqa.selenium.remote.RemoteWebDriver.findElement(RemoteWebDriver.java:315)
	at Netforest.Login.loginToApplication(Login.java:27)
	at testcases.Homepagetestcase.login(Homepagetestcase.java:25)
	at java.base/jdk.internal.reflect.NativeMethodAccessorImpl.invoke0(Native Method)
	at java.base/jdk.internal.reflect.NativeMethodAccessorImpl.invoke(NativeMethodAccessorImpl.java:78)
	at java.base/jdk.internal.reflect.DelegatingMethodAccessorImpl.invoke(DelegatingMethodAccessorImpl.java:43)
	at java.base/java.lang.reflect.Method.invoke(Method.java:567)
	at org.testng.internal.MethodInvocationHelper.invokeMethod(MethodInvocationHelper.java:80)
	at org.testng.internal.Invoker.invokeConfigurationMethod(Invoker.java:551)
	at org.testng.internal.Invoker.invokeConfigurations(Invoker.java:213)
	at org.testng.internal.Invoker.invokeMethod(Invoker.java:639)
	at org.testng.internal.Invoker.invokeTestMethod(Invoker.java:893)
	at org.testng.internal.Invoker.invokeTestMethods(Invoker.java:1218)
	at org.testng.internal.TestMethodWorker.invokeTestMethods(TestMethodWorker.java:127)
	at org.testng.internal.TestMethodWorker.run(TestMethodWorker.java:111)
	at org.testng.TestRunner.privateRun(TestRunner.java:758)
	at org.testng.TestRunner.run(TestRunner.java:613)
	at org.testng.SuiteRunner.runTest(SuiteRunner.java:334)
	at org.testng.SuiteRunner.runSequentially(SuiteRunner.java:329)
	at org.testng.SuiteRunner.privateRun(SuiteRunner.java:291)
	at org.testng.SuiteRunner.run(SuiteRunner.java:240)
	at org.testng.SuiteRunnerWorker.runSuite(SuiteRunnerWorker.java:53)
	at org.testng.SuiteRunnerWorker.run(SuiteRunnerWorker.java:87)
	at org.testng.TestNG.runSuitesSequentially(TestNG.java:1170)
	at org.testng.TestNG.runSuitesLocally(TestNG.java:1095)
	at org.testng.TestNG.run(TestNG.java:1007)
	at org.testng.remote.AbstractRemoteTestNG.run(AbstractRemoteTestNG.java:115)
	at org.testng.remote.RemoteTestNG.initAndRun(RemoteTestNG.java:251)
	at org.testng.remote.RemoteTestNG.main(RemoteTestNG.java:77)
]]>
            </full-stacktrace>
          </exception> <!-- org.openqa.selenium.NoSuchElementException -->
        </test-method> <!-- login -->
        <test-method signature="logout()[pri:4, instance:testcases.Homepagetestcase@797b0699]" started-at="2021-08-10T21:18:03Z" name="logout" description="check logut" finished-at="2021-08-10T21:18:03Z" duration-ms="2" status="SKIP">
        </test-method> <!-- logout -->
      </class> <!-- testcases.Homepagetestcase -->
    </test> <!-- Default test -->
  </suite> <!-- Default suite -->
</testng-results>
